<?xml version="1.0" encoding="UTF-8"?>
<Site BuildName="(empty)"
	BuildStamp="20250330-1247-Experimental"
	Name="(empty)"
	Generator="ctest-3.31.0"
	CompilerName=""
	CompilerVersion=""
	OSName="macOS"
	Hostname="zhouyujiedeMacBook-Air.local"
	OSRelease="14.6"
	OSVersion="23G80"
	OSPlatform="arm64"
	Is64Bits="1"
	VendorString="Apple"
	VendorID="Apple"
	FamilyID="0"
	ModelID="0"
	ModelName="Apple M2"
	ProcessorCacheSize="131072"
	NumberOfLogicalCPU="8"
	NumberOfPhysicalCPU="8"
	TotalVirtualMemory="1024"
	TotalPhysicalMemory="16384"
	LogicalProcessorsPerPhysical="8"
	ProcessorClockFrequency="0"
	>
	<Testing>
		<StartDateTime>Mar 30 20:47 CST</StartDateTime>
		<StartTestTime>1743338868</StartTestTime>
		<TestList/>
		<EndDateTime>Mar 30 20:47 CST</EndDateTime>
		<EndTestTime>1743338868</EndTestTime>
		<ElapsedMinutes>0</ElapsedMinutes>
	</Testing>
</Site>
